2017-03-05 02:10:16,083 DEBUG(InitialiseUndertowServer.java:24): Change log level setting at : /home/suhaas/Desktop/NICEWORKS/ProjectSignature/log4j2.xml
2017-03-05 02:10:16,120 DEBUG(ResponseCodeHandler.java:32): Logging Provider: org.jboss.logging.Log4j2LoggerProvider
2017-03-05 02:10:16,163 INFO (Xnio.java:99): XNIO version 3.3.6.Final
2017-03-05 02:10:16,183 INFO (NioXnio.java:55): XNIO NIO Implementation Version 3.3.6.Final
2017-03-05 02:10:16,223 DEBUG(WorkerThread.java:431): Started channel thread 'XNIO-1 I/O-1', selector sun.nio.ch.EPollSelectorImpl@41420566
2017-03-05 02:10:16,224 DEBUG(WorkerThread.java:431): Started channel thread 'XNIO-1 I/O-2', selector sun.nio.ch.EPollSelectorImpl@71c04fea
2017-03-05 02:10:16,225 DEBUG(WorkerThread.java:431): Started channel thread 'XNIO-1 I/O-3', selector sun.nio.ch.EPollSelectorImpl@68d3df2d
2017-03-05 02:10:16,226 DEBUG(WorkerThread.java:431): Started channel thread 'XNIO-1 I/O-4', selector sun.nio.ch.EPollSelectorImpl@df79603
2017-03-05 02:10:16,227 DEBUG(WorkerThread.java:431): Started channel thread 'XNIO-1 Accept', selector sun.nio.ch.EPollSelectorImpl@2441b570
2017-03-05 02:10:33,222 DEBUG(ProcessHandlers.java:43): Loaded Headers
2017-03-05 02:10:33,304 DEBUG(ProcessHandlers.java:104): The2 files requested are uploaded
2017-03-05 02:10:37,506 DEBUG(ProcessHandlers.java:126): Response{protocol=http/1.1, code=200, message=OK, url=https://api.sandbox.signaturit.com/v3/signatures.json}
2017-03-05 02:10:40,392 ERROR(Connectors.java:229): UT005071: Undertow request failed HttpServerExchange{ POST /api/uploadfile request {Accept=[*/*], Accept-Language=[en-US,en;q=0.8], Accept-Encoding=[gzip, deflate, br], Origin=[http://localhost], User-Agent=[Mozilla/5.0 (X11; Linux x86_64) AppleWebKit/537.36 (KHTML, like Gecko) Ubuntu Chromium/55.0.2883.87 Chrome/55.0.2883.87 Safari/537.36], Connection=[keep-alive], Content-Length=[26], Content-type=[application/x-www-form-urlencoded], Referer=[http://localhost/gentelella/production/refugeevalidate.html], Host=[localhost:8090]} response {Connection=[close], Access-Control-Allow-Origin=[http://localhost], Cache-Control=[no-cache, must-revalidate], Last-Modified=[2017-03-05T02:10:33.228+01:00], Server=[HackUpcApi/1.0 (HackUpcAPI/1.0)], Content-Type=[application/json; charset=latin1], Content-Length=[2], Date=[2017-03-05T02:10:33.228+01:00]}}
java.lang.IllegalStateException: UT000127: Response has already been sent
	at io.undertow.io.AsyncSenderImpl.send(AsyncSenderImpl.java:278) ~[undertow-core-1.4.0.CR3.jar:1.4.0.CR3]
	at io.undertow.io.AsyncSenderImpl.send(AsyncSenderImpl.java:271) ~[undertow-core-1.4.0.CR3.jar:1.4.0.CR3]
	at io.undertow.io.AsyncSenderImpl.send(AsyncSenderImpl.java:305) ~[undertow-core-1.4.0.CR3.jar:1.4.0.CR3]
	at RequestProcessing.ProcessHandlers$UploadFile.handleRequest(ProcessHandlers.java:122) ~[main/:?]
	at io.undertow.server.RoutingHandler.handleRequest(RoutingHandler.java:93) ~[undertow-core-1.4.0.CR3.jar:1.4.0.CR3]
	at io.undertow.server.handlers.PathHandler.handleRequest(PathHandler.java:94) ~[undertow-core-1.4.0.CR3.jar:1.4.0.CR3]
	at io.undertow.server.Connectors.executeRootHandler(Connectors.java:202) [undertow-core-1.4.0.CR3.jar:1.4.0.CR3]
	at io.undertow.server.protocol.http.HttpReadListener.handleEventWithNoRunningRequest(HttpReadListener.java:233) [undertow-core-1.4.0.CR3.jar:1.4.0.CR3]
	at io.undertow.server.protocol.http.HttpReadListener.handleEvent(HttpReadListener.java:131) [undertow-core-1.4.0.CR3.jar:1.4.0.CR3]
	at io.undertow.server.protocol.http.HttpOpenListener.handleEvent(HttpOpenListener.java:145) [undertow-core-1.4.0.CR3.jar:1.4.0.CR3]
	at io.undertow.server.protocol.http.HttpOpenListener.handleEvent(HttpOpenListener.java:92) [undertow-core-1.4.0.CR3.jar:1.4.0.CR3]
	at io.undertow.server.protocol.http.HttpOpenListener.handleEvent(HttpOpenListener.java:51) [undertow-core-1.4.0.CR3.jar:1.4.0.CR3]
	at org.xnio.ChannelListeners.invokeChannelListener(ChannelListeners.java:92) [xnio-api-3.3.6.Final.jar:3.3.6.Final]
	at org.xnio.ChannelListeners$10.handleEvent(ChannelListeners.java:291) [xnio-api-3.3.6.Final.jar:3.3.6.Final]
	at org.xnio.ChannelListeners$10.handleEvent(ChannelListeners.java:286) [xnio-api-3.3.6.Final.jar:3.3.6.Final]
	at org.xnio.ChannelListeners.invokeChannelListener(ChannelListeners.java:92) [xnio-api-3.3.6.Final.jar:3.3.6.Final]
	at org.xnio.nio.QueuedNioTcpServer$1.run(QueuedNioTcpServer.java:128) [xnio-nio-3.3.6.Final.jar:3.3.6.Final]
	at org.xnio.nio.WorkerThread.safeRun(WorkerThread.java:580) [xnio-nio-3.3.6.Final.jar:3.3.6.Final]
	at org.xnio.nio.WorkerThread.run(WorkerThread.java:464) [xnio-nio-3.3.6.Final.jar:3.3.6.Final]
