2017-03-05 02:10:40,392 ERROR(Connectors.java:229): UT005071: Undertow request failed HttpServerExchange{ POST /api/uploadfile request {Accept=[*/*], Accept-Language=[en-US,en;q=0.8], Accept-Encoding=[gzip, deflate, br], Origin=[http://localhost], User-Agent=[Mozilla/5.0 (X11; Linux x86_64) AppleWebKit/537.36 (KHTML, like Gecko) Ubuntu Chromium/55.0.2883.87 Chrome/55.0.2883.87 Safari/537.36], Connection=[keep-alive], Content-Length=[26], Content-type=[application/x-www-form-urlencoded], Referer=[http://localhost/gentelella/production/refugeevalidate.html], Host=[localhost:8090]} response {Connection=[close], Access-Control-Allow-Origin=[http://localhost], Cache-Control=[no-cache, must-revalidate], Last-Modified=[2017-03-05T02:10:33.228+01:00], Server=[HackUpcApi/1.0 (HackUpcAPI/1.0)], Content-Type=[application/json; charset=latin1], Content-Length=[2], Date=[2017-03-05T02:10:33.228+01:00]}}
java.lang.IllegalStateException: UT000127: Response has already been sent
	at io.undertow.io.AsyncSenderImpl.send(AsyncSenderImpl.java:278) ~[undertow-core-1.4.0.CR3.jar:1.4.0.CR3]
	at io.undertow.io.AsyncSenderImpl.send(AsyncSenderImpl.java:271) ~[undertow-core-1.4.0.CR3.jar:1.4.0.CR3]
	at io.undertow.io.AsyncSenderImpl.send(AsyncSenderImpl.java:305) ~[undertow-core-1.4.0.CR3.jar:1.4.0.CR3]
	at RequestProcessing.ProcessHandlers$UploadFile.handleRequest(ProcessHandlers.java:122) ~[main/:?]
	at io.undertow.server.RoutingHandler.handleRequest(RoutingHandler.java:93) ~[undertow-core-1.4.0.CR3.jar:1.4.0.CR3]
	at io.undertow.server.handlers.PathHandler.handleRequest(PathHandler.java:94) ~[undertow-core-1.4.0.CR3.jar:1.4.0.CR3]
	at io.undertow.server.Connectors.executeRootHandler(Connectors.java:202) [undertow-core-1.4.0.CR3.jar:1.4.0.CR3]
	at io.undertow.server.protocol.http.HttpReadListener.handleEventWithNoRunningRequest(HttpReadListener.java:233) [undertow-core-1.4.0.CR3.jar:1.4.0.CR3]
	at io.undertow.server.protocol.http.HttpReadListener.handleEvent(HttpReadListener.java:131) [undertow-core-1.4.0.CR3.jar:1.4.0.CR3]
	at io.undertow.server.protocol.http.HttpOpenListener.handleEvent(HttpOpenListener.java:145) [undertow-core-1.4.0.CR3.jar:1.4.0.CR3]
	at io.undertow.server.protocol.http.HttpOpenListener.handleEvent(HttpOpenListener.java:92) [undertow-core-1.4.0.CR3.jar:1.4.0.CR3]
	at io.undertow.server.protocol.http.HttpOpenListener.handleEvent(HttpOpenListener.java:51) [undertow-core-1.4.0.CR3.jar:1.4.0.CR3]
	at org.xnio.ChannelListeners.invokeChannelListener(ChannelListeners.java:92) [xnio-api-3.3.6.Final.jar:3.3.6.Final]
	at org.xnio.ChannelListeners$10.handleEvent(ChannelListeners.java:291) [xnio-api-3.3.6.Final.jar:3.3.6.Final]
	at org.xnio.ChannelListeners$10.handleEvent(ChannelListeners.java:286) [xnio-api-3.3.6.Final.jar:3.3.6.Final]
	at org.xnio.ChannelListeners.invokeChannelListener(ChannelListeners.java:92) [xnio-api-3.3.6.Final.jar:3.3.6.Final]
	at org.xnio.nio.QueuedNioTcpServer$1.run(QueuedNioTcpServer.java:128) [xnio-nio-3.3.6.Final.jar:3.3.6.Final]
	at org.xnio.nio.WorkerThread.safeRun(WorkerThread.java:580) [xnio-nio-3.3.6.Final.jar:3.3.6.Final]
	at org.xnio.nio.WorkerThread.run(WorkerThread.java:464) [xnio-nio-3.3.6.Final.jar:3.3.6.Final]
